<?xml version="1.0" encoding="UTF-8"?>
<!-- Generated by org.testng.reporters.JUnitReportReporter -->
<testsuite hostname="Prathamesh091824" failures="0" tests="3" name="com.AutomationCICD.Project1.TestClass" time="54.840" errors="0" timestamp="2025-10-06T22:33:50 IST" skipped="0">
  <testcase classname="com.AutomationCICD.Project1.TestClass" name="Test3" time="4.275"/>
  <testcase classname="com.AutomationCICD.Project1.TestClass" name="Test1" time="23.963"/>
  <testcase classname="com.AutomationCICD.Project1.TestClass" name="Test2" time="26.602"/>
</testsuite> <!-- com.AutomationCICD.Project1.TestClass -->
