<?xml version="1.0" encoding="UTF-8"?>
<!-- Generated by org.testng.reporters.JUnitReportReporter -->
<testsuite hostname="Prathamesh091824" failures="0" tests="3" name="com.AutomationCICD.Project1.TestClass" time="59.639" errors="0" timestamp="2025-10-16T15:27:21 IST" skipped="0">
  <testcase classname="com.AutomationCICD.Project1.TestClass" name="Test1" time="30.150"/>
  <testcase classname="com.AutomationCICD.Project1.TestClass" name="Test2" time="24.051"/>
  <testcase classname="com.AutomationCICD.Project1.TestClass" name="Test3" time="5.438"/>
</testsuite> <!-- com.AutomationCICD.Project1.TestClass -->
