<?xml version="1.0" encoding="UTF-8"?>
<!-- Generated by org.testng.reporters.JUnitReportReporter -->
<testsuite hostname="Prathamesh091824" failures="0" tests="3" name="com.AutomationCICD.Project1.TestClassForChrome" time="52.810" errors="0" timestamp="2025-10-06T22:21:43 IST" skipped="0">
  <testcase classname="com.AutomationCICD.Project1.TestClassForChrome" name="Test1" time="24.996"/>
  <testcase classname="com.AutomationCICD.Project1.TestClassForChrome" name="Test3" time="22.370"/>
  <testcase classname="com.AutomationCICD.Project1.TestClassForChrome" name="Test2" time="5.444"/>
</testsuite> <!-- com.AutomationCICD.Project1.TestClassForChrome -->
