<?xml version="1.0" encoding="UTF-8"?>
<!-- Generated by org.testng.reporters.JUnitReportReporter -->
<testsuite hostname="Prathamesh091824" failures="0" tests="3" name="com.AutomationCICD.Project1.TestClass" time="85.368" errors="0" timestamp="2025-10-16T14:49:33 IST" skipped="0">
  <testcase classname="com.AutomationCICD.Project1.TestClass" name="Test3" time="26.525"/>
  <testcase classname="com.AutomationCICD.Project1.TestClass" name="Test1" time="28.818"/>
  <testcase classname="com.AutomationCICD.Project1.TestClass" name="Test2" time="30.025"/>
</testsuite> <!-- com.AutomationCICD.Project1.TestClass -->
