<?xml version="1.0" encoding="UTF-8"?>
<!-- Generated by org.testng.reporters.JUnitReportReporter -->
<testsuite hostname="Prathamesh091824" failures="0" tests="3" name="com.AutomationCICD.Project1.TestClass" time="89.126" errors="0" timestamp="2025-10-16T14:37:30 IST" skipped="0">
  <testcase classname="com.AutomationCICD.Project1.TestClass" name="Test1" time="38.957"/>
  <testcase classname="com.AutomationCICD.Project1.TestClass" name="Test2" time="23.724"/>
  <testcase classname="com.AutomationCICD.Project1.TestClass" name="Test3" time="26.445"/>
</testsuite> <!-- com.AutomationCICD.Project1.TestClass -->
