<?xml version="1.0" encoding="UTF-8"?>
<!-- Generated by org.testng.reporters.JUnitReportReporter -->
<testsuite hostname="Prathamesh091824" failures="0" tests="3" name="com.AutomationCICD.Project1.TestClass" time="60.040" errors="0" timestamp="2025-10-07T19:13:39 IST" skipped="0">
  <testcase classname="com.AutomationCICD.Project1.TestClass" name="Test2" time="24.699"/>
  <testcase classname="com.AutomationCICD.Project1.TestClass" name="Test3" time="4.018"/>
  <testcase classname="com.AutomationCICD.Project1.TestClass" name="Test1" time="31.323"/>
</testsuite> <!-- com.AutomationCICD.Project1.TestClass -->
