<?xml version="1.0" encoding="UTF-8"?>
<!-- Generated by org.testng.reporters.JUnitReportReporter -->
<testsuite hostname="Prathamesh091824" failures="0" tests="3" name="com.AutomationCICD.Project1.TestClass" time="79.559" errors="0" timestamp="2025-10-08T14:50:07 IST" skipped="0">
  <testcase classname="com.AutomationCICD.Project1.TestClass" name="Test2" time="26.681"/>
  <testcase classname="com.AutomationCICD.Project1.TestClass" name="Test1" time="28.818"/>
  <testcase classname="com.AutomationCICD.Project1.TestClass" name="Test3" time="24.060"/>
</testsuite> <!-- com.AutomationCICD.Project1.TestClass -->
