<?xml version="1.0" encoding="UTF-8"?>
<!-- Generated by org.testng.reporters.JUnitReportReporter -->
<testsuite hostname="Prathamesh091824" failures="0" tests="9" name="com.AutomationCICD.Project1.TestClassForSeleniumGrid" time="90.385" errors="0" timestamp="2025-10-04T17:14:29 IST" skipped="0">
  <testcase classname="com.AutomationCICD.Project1.TestClassForSeleniumGrid" name="test2" time="0.370"/>
  <testcase classname="com.AutomationCICD.Project1.TestClassForSeleniumGrid" name="test1" time="29.438"/>
  <testcase classname="com.AutomationCICD.Project1.TestClassForSeleniumGrid" name="test1" time="29.843"/>
  <testcase classname="com.AutomationCICD.Project1.TestClassForSeleniumGrid" name="test1" time="28.691"/>
  <testcase classname="com.AutomationCICD.Project1.TestClassForSeleniumGrid" name="test3" time="0.314"/>
  <testcase classname="com.AutomationCICD.Project1.TestClassForSeleniumGrid" name="test3" time="0.425"/>
  <testcase classname="com.AutomationCICD.Project1.TestClassForSeleniumGrid" name="test3" time="0.555"/>
  <testcase classname="com.AutomationCICD.Project1.TestClassForSeleniumGrid" name="test2" time="0.351"/>
  <testcase classname="com.AutomationCICD.Project1.TestClassForSeleniumGrid" name="test2" time="0.398"/>
</testsuite> <!-- com.AutomationCICD.Project1.TestClassForSeleniumGrid -->
