<?xml version="1.0" encoding="UTF-8"?>
<!-- Generated by org.testng.reporters.JUnitReportReporter -->
<testsuite hostname="Prathamesh091824" failures="0" tests="3" name="com.AutomationCICD.Project1.TestClass" time="43.954" errors="0" timestamp="2025-10-08T15:09:48 IST" skipped="0">
  <testcase classname="com.AutomationCICD.Project1.TestClass" name="Test1" time="20.004"/>
  <testcase classname="com.AutomationCICD.Project1.TestClass" name="Test3" time="22.442"/>
  <testcase classname="com.AutomationCICD.Project1.TestClass" name="Test2" time="1.508"/>
</testsuite> <!-- com.AutomationCICD.Project1.TestClass -->
