<?xml version="1.0" encoding="UTF-8"?>
<!-- Generated by org.testng.reporters.JUnitReportReporter -->
<testsuite hostname="Prathamesh091824" failures="0" tests="3" name="com.AutomationCICD.Project1.TestClass" time="79.771" errors="0" timestamp="2025-10-15T16:30:42 IST" skipped="0">
  <testcase classname="com.AutomationCICD.Project1.TestClass" name="Test3" time="7.353"/>
  <testcase classname="com.AutomationCICD.Project1.TestClass" name="Test2" time="40.320"/>
  <testcase classname="com.AutomationCICD.Project1.TestClass" name="Test1" time="32.098"/>
</testsuite> <!-- com.AutomationCICD.Project1.TestClass -->
