<?xml version="1.0" encoding="UTF-8"?>
<!-- Generated by org.testng.reporters.JUnitReportReporter -->
<testsuite hostname="Prathamesh091824" failures="0" tests="3" name="com.AutomationCICD.Project1.TestClass1" time="56.378" errors="0" timestamp="2025-10-04T15:47:37 IST" skipped="0">
  <testcase classname="com.AutomationCICD.Project1.TestClass1" name="Test1" time="38.882"/>
  <testcase classname="com.AutomationCICD.Project1.TestClass1" name="Test2" time="8.511"/>
  <testcase classname="com.AutomationCICD.Project1.TestClass1" name="Test3" time="8.985"/>
</testsuite> <!-- com.AutomationCICD.Project1.TestClass1 -->
