<?xml version="1.0" encoding="UTF-8"?>
<!-- Generated by org.testng.reporters.JUnitReportReporter -->
<testsuite hostname="Prathamesh091824" failures="0" tests="3" name="com.AutomationCICD.Project1.TestClass" time="79.399" errors="0" timestamp="2025-10-08T13:32:24 IST" skipped="0">
  <testcase classname="com.AutomationCICD.Project1.TestClass" name="Test3" time="22.391"/>
  <testcase classname="com.AutomationCICD.Project1.TestClass" name="Test1" time="23.091"/>
  <testcase classname="com.AutomationCICD.Project1.TestClass" name="Test2" time="33.917"/>
</testsuite> <!-- com.AutomationCICD.Project1.TestClass -->
