<?xml version="1.0" encoding="UTF-8"?>
<!-- Generated by org.testng.reporters.JUnitReportReporter -->
<testsuite hostname="Prathamesh091824" failures="0" tests="3" name="com.AutomationCICD.Project1.TestClass1" time="15.446" errors="0" timestamp="2025-09-28T16:41:25 IST" skipped="0">
  <testcase classname="com.AutomationCICD.Project1.TestClass1" name="Test1" time="4.532"/>
  <testcase classname="com.AutomationCICD.Project1.TestClass1" name="Test3" time="8.155"/>
  <testcase classname="com.AutomationCICD.Project1.TestClass1" name="Test2" time="2.759"/>
</testsuite> <!-- com.AutomationCICD.Project1.TestClass1 -->
