<?xml version="1.0" encoding="UTF-8"?>
<!-- Generated by org.testng.reporters.JUnitReportReporter -->
<testsuite hostname="Prathamesh091824" failures="0" tests="3" name="com.AutomationCICD.Project1.TestClass" time="72.997" errors="0" timestamp="2025-10-08T15:16:34 IST" skipped="0">
  <testcase classname="com.AutomationCICD.Project1.TestClass" name="Test2" time="23.456"/>
  <testcase classname="com.AutomationCICD.Project1.TestClass" name="Test3" time="24.094"/>
  <testcase classname="com.AutomationCICD.Project1.TestClass" name="Test1" time="25.447"/>
</testsuite> <!-- com.AutomationCICD.Project1.TestClass -->
