<?xml version="1.0" encoding="UTF-8"?>
<!-- Generated by org.testng.reporters.JUnitReportReporter -->
<testsuite hostname="Prathamesh091824" failures="0" tests="3" name="com.AutomationCICD.Project1.TestClass" time="65.613" errors="0" timestamp="2025-10-07T19:19:28 IST" skipped="0">
  <testcase classname="com.AutomationCICD.Project1.TestClass" name="Test2" time="34.346"/>
  <testcase classname="com.AutomationCICD.Project1.TestClass" name="Test1" time="25.837"/>
  <testcase classname="com.AutomationCICD.Project1.TestClass" name="Test3" time="5.430"/>
</testsuite> <!-- com.AutomationCICD.Project1.TestClass -->
