<?xml version="1.0" encoding="UTF-8"?>
<!-- Generated by org.testng.reporters.JUnitReportReporter -->
<testsuite hostname="Prathamesh091824" failures="0" tests="3" name="com.AutomationCICD.Project1.TestClass1" time="14.988" errors="0" timestamp="2025-09-25T22:48:31 IST" skipped="0">
  <testcase classname="com.AutomationCICD.Project1.TestClass1" name="Test2" time="3.762"/>
  <testcase classname="com.AutomationCICD.Project1.TestClass1" name="Test3" time="5.558"/>
  <testcase classname="com.AutomationCICD.Project1.TestClass1" name="Test1" time="5.668"/>
</testsuite> <!-- com.AutomationCICD.Project1.TestClass1 -->
