<?xml version="1.0" encoding="UTF-8"?>
<!-- Generated by org.testng.reporters.JUnitReportReporter -->
<testsuite hostname="Prathamesh091824" failures="0" tests="3" name="com.AutomationCICD.Project1.TestClass" time="60.176" errors="0" timestamp="2025-10-16T14:58:25 IST" skipped="0">
  <testcase classname="com.AutomationCICD.Project1.TestClass" name="Test1" time="8.244"/>
  <testcase classname="com.AutomationCICD.Project1.TestClass" name="Test2" time="26.170"/>
  <testcase classname="com.AutomationCICD.Project1.TestClass" name="Test3" time="25.762"/>
</testsuite> <!-- com.AutomationCICD.Project1.TestClass -->
