<?xml version="1.0" encoding="UTF-8"?>
<!-- Generated by org.testng.reporters.JUnitReportReporter -->
<testsuite hostname="Prathamesh091824" failures="0" tests="1" name="com.AutomationCICD.Project1.TestClass" time="24.218" errors="0" timestamp="2025-10-08T15:31:51 IST" skipped="0">
  <testcase classname="com.AutomationCICD.Project1.TestClass" name="openGoogle" time="24.218"/>
</testsuite> <!-- com.AutomationCICD.Project1.TestClass -->
