<?xml version="1.0" encoding="UTF-8"?>
<!-- Generated by org.testng.reporters.JUnitReportReporter -->
<testsuite hostname="Prathamesh091824" failures="0" tests="3" name="com.AutomationCICD.Project1.TestClass1" time="12.814" errors="0" timestamp="2025-09-25T22:48:58 IST" skipped="0">
  <testcase classname="com.AutomationCICD.Project1.TestClass1" name="Test2" time="4.459"/>
  <testcase classname="com.AutomationCICD.Project1.TestClass1" name="Test3" time="3.494"/>
  <testcase classname="com.AutomationCICD.Project1.TestClass1" name="Test1" time="4.861"/>
</testsuite> <!-- com.AutomationCICD.Project1.TestClass1 -->
